mai. 15, 2025 11:30:13 PM liquibase.changelog
INFO: Reading resource: db/changelog/migrations/db.changelog-202505102043.sql
mai. 15, 2025 11:30:13 PM liquibase.changelog
INFO: Reading resource: db/changelog/migrations/db.changelog-202505112232.sql
mai. 15, 2025 11:30:13 PM liquibase.changelog
INFO: Reading resource: db/changelog/migrations/db.changelog-202505112338.sql
mai. 15, 2025 11:30:13 PM liquibase.changelog
INFO: Reading resource: db/changelog/migrations/db.changelog-202505112341.sql
mai. 15, 2025 11:30:14 PM liquibase.changelog
INFO: Reading from board.DATABASECHANGELOG
Database is up to date, no changesets to execute
mai. 15, 2025 11:30:14 PM liquibase.changelog
INFO: Reading from board.DATABASECHANGELOG

UPDATE SUMMARY
Run:                          0
Previously run:               4
Filtered out:                 0
-------------------------------
Total change sets:            4

mai. 15, 2025 11:30:14 PM liquibase.util
INFO: UPDATE SUMMARY
mai. 15, 2025 11:30:14 PM liquibase.util
INFO: Run:                          0
mai. 15, 2025 11:30:14 PM liquibase.util
INFO: Previously run:               4
mai. 15, 2025 11:30:14 PM liquibase.util
INFO: Filtered out:                 0
mai. 15, 2025 11:30:14 PM liquibase.util
INFO: -------------------------------
mai. 15, 2025 11:30:14 PM liquibase.util
INFO: Total change sets:            4
mai. 15, 2025 11:30:14 PM liquibase.util
INFO: Update summary generated
mai. 15, 2025 11:30:14 PM liquibase.lockservice
INFO: Successfully released change log lock
mai. 15, 2025 11:30:14 PM liquibase.command
INFO: Command execution complete
